0 info it worked if it ends with ok
1 verbose cli [ 'node', '/usr/local/bin/npm', 'install', 'async-jsdom', '-g' ]
2 info using npm@1.4.10
3 info using node@v0.10.28
4 verbose cache add [ 'async-jsdom', null ]
5 verbose cache add name=undefined spec="async-jsdom" args=["async-jsdom",null]
6 verbose parsed url { protocol: null,
6 verbose parsed url   slashes: null,
6 verbose parsed url   auth: null,
6 verbose parsed url   host: null,
6 verbose parsed url   port: null,
6 verbose parsed url   hostname: null,
6 verbose parsed url   hash: null,
6 verbose parsed url   search: null,
6 verbose parsed url   query: null,
6 verbose parsed url   pathname: 'async-jsdom',
6 verbose parsed url   path: 'async-jsdom',
6 verbose parsed url   href: 'async-jsdom' }
7 silly lockFile 29777dfd-async-jsdom async-jsdom
8 verbose lock async-jsdom /Users/freddie.tibbles/.npm/29777dfd-async-jsdom.lock
9 silly lockFile 29777dfd-async-jsdom async-jsdom
10 silly lockFile 29777dfd-async-jsdom async-jsdom
11 verbose addNamed [ 'async-jsdom', '' ]
12 verbose addNamed [ null, '*' ]
13 silly lockFile 0ad30a51-async-jsdom async-jsdom@
14 verbose lock async-jsdom@ /Users/freddie.tibbles/.npm/0ad30a51-async-jsdom.lock
15 silly addNameRange { name: 'async-jsdom', range: '*', hasData: false }
16 verbose url raw async-jsdom
17 verbose url resolving [ 'https://registry.npmjs.org/', './async-jsdom' ]
18 verbose url resolved https://registry.npmjs.org/async-jsdom
19 info trying registry request attempt 1 at 15:04:00
20 http GET https://registry.npmjs.org/async-jsdom
21 http 404 https://registry.npmjs.org/async-jsdom
22 verbose headers { date: 'Mon, 21 Jul 2014 14:04:01 GMT',
22 verbose headers   server: 'CouchDB/1.5.0 (Erlang OTP/R16B03)',
22 verbose headers   'content-type': 'application/json',
22 verbose headers   'cache-control': 'max-age=0',
22 verbose headers   'content-length': '52',
22 verbose headers   'accept-ranges': 'bytes',
22 verbose headers   via: '1.1 varnish',
22 verbose headers   age: '0',
22 verbose headers   'x-served-by': 'cache-lcy1124-LCY',
22 verbose headers   'x-cache': 'MISS',
22 verbose headers   'x-cache-hits': '0',
22 verbose headers   'x-timer': 'S1405951441.095266,VS0,VE96',
22 verbose headers   'keep-alive': 'timeout=10, max=50',
22 verbose headers   connection: 'Keep-Alive' }
23 silly registry.get cb [ 404,
23 silly registry.get   { date: 'Mon, 21 Jul 2014 14:04:01 GMT',
23 silly registry.get     server: 'CouchDB/1.5.0 (Erlang OTP/R16B03)',
23 silly registry.get     'content-type': 'application/json',
23 silly registry.get     'cache-control': 'max-age=0',
23 silly registry.get     'content-length': '52',
23 silly registry.get     'accept-ranges': 'bytes',
23 silly registry.get     via: '1.1 varnish',
23 silly registry.get     age: '0',
23 silly registry.get     'x-served-by': 'cache-lcy1124-LCY',
23 silly registry.get     'x-cache': 'MISS',
23 silly registry.get     'x-cache-hits': '0',
23 silly registry.get     'x-timer': 'S1405951441.095266,VS0,VE96',
23 silly registry.get     'keep-alive': 'timeout=10, max=50',
23 silly registry.get     connection: 'Keep-Alive' } ]
24 silly lockFile 0ad30a51-async-jsdom async-jsdom@
25 silly lockFile 0ad30a51-async-jsdom async-jsdom@
26 error 404 404 Not Found: async-jsdom
26 error 404
26 error 404 'async-jsdom' is not in the npm registry.
26 error 404 You should bug the author to publish it
26 error 404
26 error 404 Note that you can also install from a
26 error 404 tarball, folder, or http url, or git url.
27 error System Darwin 13.1.0
28 error command "node" "/usr/local/bin/npm" "install" "async-jsdom" "-g"
29 error cwd /Users/freddie.tibbles/Sites/TibblesScribbles/new-gallery
30 error node -v v0.10.28
31 error npm -v 1.4.10
32 error code E404
33 verbose exit [ 1, true ]
